C:\Users\cat\Documents\Visual Studio 2010\Projects\HW3c\HW3\Release\cl.command.1.tlog
C:\Users\cat\Documents\Visual Studio 2010\Projects\HW3c\HW3\Release\CL.read.1.tlog
C:\Users\cat\Documents\Visual Studio 2010\Projects\HW3c\HW3\Release\CL.write.1.tlog
C:\USERS\CAT\DOCUMENTS\VISUAL STUDIO 2010\PROJECTS\HW3C\HW3\RELEASE\CONFIG.OBJ
C:\USERS\CAT\DOCUMENTS\VISUAL STUDIO 2010\PROJECTS\HW3C\HW3\RELEASE\CUBE.OBJ
C:\USERS\CAT\DOCUMENTS\VISUAL STUDIO 2010\PROJECTS\HW3C\HW3\RELEASE\CYLINDER.OBJ
C:\USERS\CAT\DOCUMENTS\VISUAL STUDIO 2010\PROJECTS\HW3C\HW3\RELEASE\EASYBMP.OBJ
C:\USERS\CAT\DOCUMENTS\VISUAL STUDIO 2010\PROJECTS\HW3C\HW3\RELEASE\GEOMETRY.OBJ
C:\USERS\CAT\DOCUMENTS\VISUAL STUDIO 2010\PROJECTS\HW3C\HW3\RELEASE\GLEW.OBJ
C:\USERS\CAT\DOCUMENTS\VISUAL STUDIO 2010\PROJECTS\HW3C\HW3\RELEASE\HW3.EXE.INTERMEDIATE.MANIFEST
C:\Users\cat\Documents\Visual Studio 2010\Projects\HW3c\HW3\Release\HW3.vcxprojResolveAssemblyReference.cache
C:\Users\cat\Documents\Visual Studio 2010\Projects\HW3c\HW3\Release\HW3.write.1.tlog
C:\Users\cat\Documents\Visual Studio 2010\Projects\HW3c\HW3\Release\link.command.1.tlog
C:\Users\cat\Documents\Visual Studio 2010\Projects\HW3c\HW3\Release\link.read.1.tlog
C:\Users\cat\Documents\Visual Studio 2010\Projects\HW3c\HW3\Release\link.write.1.tlog
C:\USERS\CAT\DOCUMENTS\VISUAL STUDIO 2010\PROJECTS\HW3C\HW3\RELEASE\MAIN.OBJ
C:\USERS\CAT\DOCUMENTS\VISUAL STUDIO 2010\PROJECTS\HW3C\HW3\RELEASE\MATERIAL.OBJ
C:\USERS\CAT\DOCUMENTS\VISUAL STUDIO 2010\PROJECTS\HW3C\HW3\RELEASE\MESH.OBJ
C:\Users\cat\Documents\Visual Studio 2010\Projects\HW3c\HW3\Release\mt.command.1.tlog
C:\Users\cat\Documents\Visual Studio 2010\Projects\HW3c\HW3\Release\mt.read.1.tlog
C:\Users\cat\Documents\Visual Studio 2010\Projects\HW3c\HW3\Release\mt.write.1.tlog
C:\USERS\CAT\DOCUMENTS\VISUAL STUDIO 2010\PROJECTS\HW3C\HW3\RELEASE\NODE.OBJ
C:\USERS\CAT\DOCUMENTS\VISUAL STUDIO 2010\PROJECTS\HW3C\HW3\RELEASE\OCTREE.OBJ
C:\USERS\CAT\DOCUMENTS\VISUAL STUDIO 2010\PROJECTS\HW3C\HW3\RELEASE\SCENE.OBJ
C:\USERS\CAT\DOCUMENTS\VISUAL STUDIO 2010\PROJECTS\HW3C\HW3\RELEASE\SPHERE.OBJ
C:\USERS\CAT\DOCUMENTS\VISUAL STUDIO 2010\PROJECTS\HW3C\HW3\RELEASE\TESTS.OBJ
C:\USERS\CAT\DOCUMENTS\VISUAL STUDIO 2010\PROJECTS\HW3C\HW3\RELEASE\TRIANGLE.OBJ
C:\USERS\CAT\DOCUMENTS\VISUAL STUDIO 2010\PROJECTS\HW3C\HW3\RELEASE\VC100.PDB
C:\USERS\CAT\DOCUMENTS\VISUAL STUDIO 2010\PROJECTS\HW3C\RELEASE\HW3.EXE
