C:\USERS\CAT\DOCUMENTS\VISUAL STUDIO 2010\PROJECTS\HW3\DEBUG\HW3.EXE
C:\Users\cat\Documents\Visual Studio 2010\Projects\HW3\Debug\HW3.pdb
C:\USERS\CAT\DOCUMENTS\VISUAL STUDIO 2010\PROJECTS\HW3\HW3\DEBUG\CAMERA.OBJ
C:\Users\cat\Documents\Visual Studio 2010\Projects\HW3\HW3\Debug\cl.command.1.tlog
C:\Users\cat\Documents\Visual Studio 2010\Projects\HW3\HW3\Debug\CL.read.1.tlog
C:\Users\cat\Documents\Visual Studio 2010\Projects\HW3\HW3\Debug\CL.write.1.tlog
C:\USERS\CAT\DOCUMENTS\VISUAL STUDIO 2010\PROJECTS\HW3\HW3\DEBUG\CONFIG.OBJ
C:\USERS\CAT\DOCUMENTS\VISUAL STUDIO 2010\PROJECTS\HW3\HW3\DEBUG\CUBE.OBJ
C:\USERS\CAT\DOCUMENTS\VISUAL STUDIO 2010\PROJECTS\HW3\HW3\DEBUG\CYLINDER.OBJ
C:\USERS\CAT\DOCUMENTS\VISUAL STUDIO 2010\PROJECTS\HW3\HW3\DEBUG\EASYBMP.OBJ
C:\USERS\CAT\DOCUMENTS\VISUAL STUDIO 2010\PROJECTS\HW3\HW3\DEBUG\GEOMETRY.OBJ
C:\USERS\CAT\DOCUMENTS\VISUAL STUDIO 2010\PROJECTS\HW3\HW3\DEBUG\GLEW.OBJ
C:\Users\cat\Documents\Visual Studio 2010\Projects\HW3\HW3\Debug\HW3.exe.intermediate.manifest
C:\Users\cat\Documents\Visual Studio 2010\Projects\HW3\HW3\Debug\HW3.vcxprojResolveAssemblyReference.cache
C:\Users\cat\Documents\Visual Studio 2010\Projects\HW3\HW3\Debug\HW3.write.1.tlog
C:\Users\cat\Documents\Visual Studio 2010\Projects\HW3\HW3\Debug\link.command.1.tlog
C:\Users\cat\Documents\Visual Studio 2010\Projects\HW3\HW3\Debug\link.read.1.tlog
C:\Users\cat\Documents\Visual Studio 2010\Projects\HW3\HW3\Debug\link.write.1.tlog
C:\USERS\CAT\DOCUMENTS\VISUAL STUDIO 2010\PROJECTS\HW3\HW3\DEBUG\MAIN.OBJ
C:\USERS\CAT\DOCUMENTS\VISUAL STUDIO 2010\PROJECTS\HW3\HW3\DEBUG\MESH.OBJ
C:\Users\cat\Documents\Visual Studio 2010\Projects\HW3\HW3\Debug\mt.command.1.tlog
C:\Users\cat\Documents\Visual Studio 2010\Projects\HW3\HW3\Debug\mt.read.1.tlog
C:\Users\cat\Documents\Visual Studio 2010\Projects\HW3\HW3\Debug\mt.write.1.tlog
C:\USERS\CAT\DOCUMENTS\VISUAL STUDIO 2010\PROJECTS\HW3\HW3\DEBUG\NODE.OBJ
C:\USERS\CAT\DOCUMENTS\VISUAL STUDIO 2010\PROJECTS\HW3\HW3\DEBUG\SCENE.OBJ
C:\USERS\CAT\DOCUMENTS\VISUAL STUDIO 2010\PROJECTS\HW3\HW3\DEBUG\SPHERE.OBJ
C:\USERS\CAT\DOCUMENTS\VISUAL STUDIO 2010\PROJECTS\HW3\HW3\DEBUG\TESTS.OBJ
C:\Users\cat\Documents\Visual Studio 2010\Projects\HW3\HW3\Debug\vc100.idb
C:\USERS\CAT\DOCUMENTS\VISUAL STUDIO 2010\PROJECTS\HW3\HW3\DEBUG\VC100.PDB
