Build started 2014/11/12 0:49:00.
     1>Project "C:\Users\cat\Documents\Visual Studio 2010\Projects\Backup\HW1a\HW1a\HW1a.vcxproj" on node 2 (build target(s)).
     1>InitializeBuildStatus:
         Creating "Debug\HW1a.unsuccessfulbuild" because "AlwaysCreate" was specified.
       ClCompile:
         c:\Program Files (x86)\Microsoft Visual Studio 10.0\VC\bin\CL.exe /c /I. /IC:\Users\cat\Documents\VSLibs\glm /ZI /nologo /W3 /WX- /Od /Oy- /D _MBCS /Gm /EHsc /RTC1 /MDd /GS /fp:precise /Zc:wchar_t /Zc:forScope /Fo"Debug\\" /Fd"Debug\vc100.pdb" /Gd /TP /analyze- /errorReport:prompt Camera.cpp Config.cpp EasyBMP.cpp main.cpp Vector.cpp
         Vector.cpp
         main.cpp
         EasyBMP.cpp
     1>c:\users\cat\documents\visual studio 2010\projects\backup\hw1a\hw1a\easybmp.cpp(997): warning C4101: 'ZeroWORD' : unreferenced local variable
         Config.cpp
         Camera.cpp
         Generating Code...
       Link:
         c:\Program Files (x86)\Microsoft Visual Studio 10.0\VC\bin\link.exe /ERRORREPORT:PROMPT /OUT:"C:\Users\cat\Documents\Visual Studio 2010\Projects\Backup\HW1a\Debug\HW1a.exe" /NOLOGO /LIBPATH:C:\Users\cat\Documents\VSLibs\glm kernel32.lib user32.lib gdi32.lib winspool.lib comdlg32.lib advapi32.lib shell32.lib ole32.lib oleaut32.lib uuid.lib odbc32.lib odbccp32.lib /MANIFEST /ManifestFile:"Debug\HW1a.exe.intermediate.manifest" /MANIFESTUAC:"level='asInvoker' uiAccess='false'" /DEBUG /PDB:"C:\Users\cat\Documents\Visual Studio 2010\Projects\Backup\HW1a\Debug\HW1a.pdb" /TLBID:1 /DYNAMICBASE /NXCOMPAT /IMPLIB:"C:\Users\cat\Documents\Visual Studio 2010\Projects\Backup\HW1a\Debug\HW1a.lib" /MACHINE:X86 Debug\Camera.obj
         Debug\Config.obj
         Debug\EasyBMP.obj
         Debug\main.obj
         Debug\Vector.obj
         LINK : C:\Users\cat\Documents\Visual Studio 2010\Projects\Backup\HW1a\Debug\HW1a.exe not found or not built by the last incremental link; performing full link
         HW1a.vcxproj -> C:\Users\cat\Documents\Visual Studio 2010\Projects\Backup\HW1a\Debug\HW1a.exe
       Manifest:
         C:\Program Files (x86)\Microsoft SDKs\Windows\v7.0A\bin\mt.exe /nologo /verbose /outputresource:"C:\Users\cat\Documents\Visual Studio 2010\Projects\Backup\HW1a\Debug\HW1a.exe;#1" /manifest Debug\HW1a.exe.intermediate.manifest
       FinalizeBuildStatus:
         Deleting file "Debug\HW1a.unsuccessfulbuild".
         Touching "Debug\HW1a.lastbuildstate".
     1>Done Building Project "C:\Users\cat\Documents\Visual Studio 2010\Projects\Backup\HW1a\HW1a\HW1a.vcxproj" (build target(s)).

Build succeeded.

Time Elapsed 00:00:01.93
