C:\USERS\ROMAIN\DESKTOP\SUNNY\HW3\DEBUG\HW3.EXE
C:\USERS\ROMAIN\DESKTOP\SUNNY\HW3\DEBUG\HW3.ILK
C:\USERS\ROMAIN\DESKTOP\SUNNY\HW3\DEBUG\HW3.PDB
C:\Users\Romain\Desktop\Sunny\HW3\HW3\Debug\cl.command.1.tlog
C:\Users\Romain\Desktop\Sunny\HW3\HW3\Debug\CL.read.1.tlog
C:\Users\Romain\Desktop\Sunny\HW3\HW3\Debug\CL.write.1.tlog
C:\USERS\ROMAIN\DESKTOP\SUNNY\HW3\HW3\DEBUG\CONFIG.OBJ
C:\USERS\ROMAIN\DESKTOP\SUNNY\HW3\HW3\DEBUG\CUBE.OBJ
C:\USERS\ROMAIN\DESKTOP\SUNNY\HW3\HW3\DEBUG\CYLINDER.OBJ
C:\USERS\ROMAIN\DESKTOP\SUNNY\HW3\HW3\DEBUG\EASYBMP.OBJ
C:\USERS\ROMAIN\DESKTOP\SUNNY\HW3\HW3\DEBUG\GEOMETRY.OBJ
C:\USERS\ROMAIN\DESKTOP\SUNNY\HW3\HW3\DEBUG\GLEW.OBJ
C:\USERS\ROMAIN\DESKTOP\SUNNY\HW3\HW3\DEBUG\HW3.EXE.INTERMEDIATE.MANIFEST
C:\Users\Romain\Desktop\Sunny\HW3\HW3\Debug\HW3.vcxprojResolveAssemblyReference.cache
C:\Users\Romain\Desktop\Sunny\HW3\HW3\Debug\HW3.write.1.tlog
C:\Users\Romain\Desktop\Sunny\HW3\HW3\Debug\link.command.1.tlog
C:\Users\Romain\Desktop\Sunny\HW3\HW3\Debug\link.read.1.tlog
C:\Users\Romain\Desktop\Sunny\HW3\HW3\Debug\link.write.1.tlog
C:\USERS\ROMAIN\DESKTOP\SUNNY\HW3\HW3\DEBUG\MAIN.OBJ
C:\USERS\ROMAIN\DESKTOP\SUNNY\HW3\HW3\DEBUG\MATERIAL.OBJ
C:\USERS\ROMAIN\DESKTOP\SUNNY\HW3\HW3\DEBUG\MESH.OBJ
C:\Users\Romain\Desktop\Sunny\HW3\HW3\Debug\mt.command.1.tlog
C:\Users\Romain\Desktop\Sunny\HW3\HW3\Debug\mt.read.1.tlog
C:\Users\Romain\Desktop\Sunny\HW3\HW3\Debug\mt.write.1.tlog
C:\USERS\ROMAIN\DESKTOP\SUNNY\HW3\HW3\DEBUG\NODE.OBJ
C:\USERS\ROMAIN\DESKTOP\SUNNY\HW3\HW3\DEBUG\SAMPLING.OBJ
C:\USERS\ROMAIN\DESKTOP\SUNNY\HW3\HW3\DEBUG\SCENE.OBJ
C:\USERS\ROMAIN\DESKTOP\SUNNY\HW3\HW3\DEBUG\SPHERE.OBJ
C:\USERS\ROMAIN\DESKTOP\SUNNY\HW3\HW3\DEBUG\TESTS.OBJ
C:\Users\Romain\Desktop\Sunny\HW3\HW3\Debug\vc100.idb
C:\USERS\ROMAIN\DESKTOP\SUNNY\HW3\HW3\DEBUG\VC100.PDB
