C:\USERS\CAT\DOCUMENTS\VISUAL STUDIO 2010\PROJECTS\SCENEGRAPH\DEBUG\SCENEGRAPH.EXE
C:\USERS\CAT\DOCUMENTS\VISUAL STUDIO 2010\PROJECTS\SCENEGRAPH\DEBUG\SCENEGRAPH.ILK
C:\USERS\CAT\DOCUMENTS\VISUAL STUDIO 2010\PROJECTS\SCENEGRAPH\DEBUG\SCENEGRAPH.PDB
C:\USERS\CAT\DOCUMENTS\VISUAL STUDIO 2010\PROJECTS\SCENEGRAPH\SCENEGRAPH\DEBUG\CAMERA.OBJ
C:\USERS\CAT\DOCUMENTS\VISUAL STUDIO 2010\PROJECTS\SCENEGRAPH\SCENEGRAPH\DEBUG\CONFIG.OBJ
C:\USERS\CAT\DOCUMENTS\VISUAL STUDIO 2010\PROJECTS\SCENEGRAPH\SCENEGRAPH\DEBUG\CUBE.OBJ
C:\USERS\CAT\DOCUMENTS\VISUAL STUDIO 2010\PROJECTS\SCENEGRAPH\SCENEGRAPH\DEBUG\CYLINDER.OBJ
C:\USERS\CAT\DOCUMENTS\VISUAL STUDIO 2010\PROJECTS\SCENEGRAPH\SCENEGRAPH\DEBUG\GEOMETRY.OBJ
C:\USERS\CAT\DOCUMENTS\VISUAL STUDIO 2010\PROJECTS\SCENEGRAPH\SCENEGRAPH\DEBUG\GLEW.OBJ
C:\USERS\CAT\DOCUMENTS\VISUAL STUDIO 2010\PROJECTS\SCENEGRAPH\SCENEGRAPH\DEBUG\MAIN.OBJ
C:\USERS\CAT\DOCUMENTS\VISUAL STUDIO 2010\PROJECTS\SCENEGRAPH\SCENEGRAPH\DEBUG\NODE.OBJ
C:\USERS\CAT\DOCUMENTS\VISUAL STUDIO 2010\PROJECTS\SCENEGRAPH\SCENEGRAPH\DEBUG\SCENE.OBJ
C:\USERS\CAT\DOCUMENTS\VISUAL STUDIO 2010\PROJECTS\SCENEGRAPH\SCENEGRAPH\DEBUG\SCENEGRAPH.EXE.INTERMEDIATE.MANIFEST
C:\USERS\CAT\DOCUMENTS\VISUAL STUDIO 2010\PROJECTS\SCENEGRAPH\SCENEGRAPH\DEBUG\SPHERE.OBJ
C:\USERS\CAT\DOCUMENTS\VISUAL STUDIO 2010\PROJECTS\SCENEGRAPH\SCENEGRAPH\DEBUG\VC100.PDB
C:\USERS\ROMAIN\DESKTOP\SCENEGRAPH\DEBUG\SCENEGRAPH.EXE
C:\USERS\ROMAIN\DESKTOP\SCENEGRAPH\DEBUG\SCENEGRAPH.ILK
C:\USERS\ROMAIN\DESKTOP\SCENEGRAPH\DEBUG\SCENEGRAPH.PDB
C:\USERS\ROMAIN\DESKTOP\SCENEGRAPH\SCENEGRAPH\DEBUG\CAMERA.OBJ
C:\Users\Romain\Desktop\SceneGraph\SceneGraph\Debug\cl.command.1.tlog
C:\Users\Romain\Desktop\SceneGraph\SceneGraph\Debug\CL.read.1.tlog
C:\Users\Romain\Desktop\SceneGraph\SceneGraph\Debug\CL.write.1.tlog
C:\USERS\ROMAIN\DESKTOP\SCENEGRAPH\SCENEGRAPH\DEBUG\CONFIG.OBJ
C:\USERS\ROMAIN\DESKTOP\SCENEGRAPH\SCENEGRAPH\DEBUG\CUBE.OBJ
C:\USERS\ROMAIN\DESKTOP\SCENEGRAPH\SCENEGRAPH\DEBUG\CYLINDER.OBJ
C:\USERS\ROMAIN\DESKTOP\SCENEGRAPH\SCENEGRAPH\DEBUG\GEOMETRY.OBJ
C:\USERS\ROMAIN\DESKTOP\SCENEGRAPH\SCENEGRAPH\DEBUG\GLEW.OBJ
C:\Users\Romain\Desktop\SceneGraph\SceneGraph\Debug\link.command.1.tlog
C:\Users\Romain\Desktop\SceneGraph\SceneGraph\Debug\link.read.1.tlog
C:\Users\Romain\Desktop\SceneGraph\SceneGraph\Debug\link.write.1.tlog
C:\USERS\ROMAIN\DESKTOP\SCENEGRAPH\SCENEGRAPH\DEBUG\MAIN.OBJ
C:\USERS\ROMAIN\DESKTOP\SCENEGRAPH\SCENEGRAPH\DEBUG\MESH.OBJ
C:\Users\Romain\Desktop\SceneGraph\SceneGraph\Debug\mt.command.1.tlog
C:\Users\Romain\Desktop\SceneGraph\SceneGraph\Debug\mt.read.1.tlog
C:\Users\Romain\Desktop\SceneGraph\SceneGraph\Debug\mt.write.1.tlog
C:\USERS\ROMAIN\DESKTOP\SCENEGRAPH\SCENEGRAPH\DEBUG\NODE.OBJ
C:\USERS\ROMAIN\DESKTOP\SCENEGRAPH\SCENEGRAPH\DEBUG\SCENE.OBJ
C:\USERS\ROMAIN\DESKTOP\SCENEGRAPH\SCENEGRAPH\DEBUG\SCENEGRAPH.EXE.INTERMEDIATE.MANIFEST
C:\Users\Romain\Desktop\SceneGraph\SceneGraph\Debug\SceneGraph.vcxprojResolveAssemblyReference.cache
C:\Users\Romain\Desktop\SceneGraph\SceneGraph\Debug\SceneGraph.write.1.tlog
C:\USERS\ROMAIN\DESKTOP\SCENEGRAPH\SCENEGRAPH\DEBUG\SPHERE.OBJ
C:\Users\Romain\Desktop\SceneGraph\SceneGraph\Debug\vc100.idb
C:\USERS\ROMAIN\DESKTOP\SCENEGRAPH\SCENEGRAPH\DEBUG\VC100.PDB
C:\USERS\ROMAIN\DESKTOP\SCENEGRAPH2\SCENEGRAPH\DEBUG\SCENEGRAPH.EXE
C:\USERS\ROMAIN\DESKTOP\SCENEGRAPH2\SCENEGRAPH\DEBUG\SCENEGRAPH.ILK
C:\USERS\ROMAIN\DESKTOP\SCENEGRAPH2\SCENEGRAPH\DEBUG\SCENEGRAPH.PDB
C:\USERS\ROMAIN\DESKTOP\SCENEGRAPH2\SCENEGRAPH\SCENEGRAPH\DEBUG\CAMERA.OBJ
C:\USERS\ROMAIN\DESKTOP\SCENEGRAPH2\SCENEGRAPH\SCENEGRAPH\DEBUG\CONFIG.OBJ
C:\USERS\ROMAIN\DESKTOP\SCENEGRAPH2\SCENEGRAPH\SCENEGRAPH\DEBUG\CUBE.OBJ
C:\USERS\ROMAIN\DESKTOP\SCENEGRAPH2\SCENEGRAPH\SCENEGRAPH\DEBUG\CYLINDER.OBJ
C:\USERS\ROMAIN\DESKTOP\SCENEGRAPH2\SCENEGRAPH\SCENEGRAPH\DEBUG\GEOMETRY.OBJ
C:\USERS\ROMAIN\DESKTOP\SCENEGRAPH2\SCENEGRAPH\SCENEGRAPH\DEBUG\GLEW.OBJ
C:\USERS\ROMAIN\DESKTOP\SCENEGRAPH2\SCENEGRAPH\SCENEGRAPH\DEBUG\MAIN.OBJ
C:\USERS\ROMAIN\DESKTOP\SCENEGRAPH2\SCENEGRAPH\SCENEGRAPH\DEBUG\MESH.OBJ
C:\USERS\ROMAIN\DESKTOP\SCENEGRAPH2\SCENEGRAPH\SCENEGRAPH\DEBUG\NODE.OBJ
C:\USERS\ROMAIN\DESKTOP\SCENEGRAPH2\SCENEGRAPH\SCENEGRAPH\DEBUG\SCENE.OBJ
C:\USERS\ROMAIN\DESKTOP\SCENEGRAPH2\SCENEGRAPH\SCENEGRAPH\DEBUG\SCENEGRAPH.EXE.INTERMEDIATE.MANIFEST
C:\USERS\ROMAIN\DESKTOP\SCENEGRAPH2\SCENEGRAPH\SCENEGRAPH\DEBUG\SPHERE.OBJ
C:\USERS\ROMAIN\DESKTOP\SCENEGRAPH2\SCENEGRAPH\SCENEGRAPH\DEBUG\VC100.PDB
